
> fsktm-zkp-backend@1.0.0 dev
> nodemon src/server.js

[33m[nodemon] 3.1.11[39m
[33m[nodemon] to restart at any time, enter `rs`[39m
[33m[nodemon] watching path(s): *.*[39m
[33m[nodemon] watching extensions: js,mjs,cjs,json[39m
[32m[nodemon] starting `node src/server.js`[39m
🔌 Attempting to connect to MongoDB...
🔍 MONGO_URI: Loaded ✅
🚀 Server running on port 5000 in development mode
📚 API Documentation: http://localhost:5000/api
🏥 Health Check: http://localhost:5000/api/health
✅ MongoDB Connected: ac-7dbbqyn-shard-00-00.9atntnk.mongodb.net
📊 Database: fsktm-zkp
[32m[nodemon] restarting due to changes...[39m
[32m[nodemon] restarting due to changes...[39m
[32m[nodemon] starting `node src/server.js`[39m
🔌 Attempting to connect to MongoDB...
🔍 MONGO_URI: Loaded ✅
🚀 Server running on port 5000 in development mode
📚 API Documentation: http://localhost:5000/api
🏥 Health Check: http://localhost:5000/api/health
✅ MongoDB Connected: ac-7dbbqyn-shard-00-00.9atntnk.mongodb.net
📊 Database: fsktm-zkp
[32m[nodemon] restarting due to changes...[39m
[32m[nodemon] starting `node src/server.js`[39m
🔌 Attempting to connect to MongoDB...
🔍 MONGO_URI: Loaded ✅
🚀 Server running on port 5000 in development mode
📚 API Documentation: http://localhost:5000/api
🏥 Health Check: http://localhost:5000/api/health
✅ MongoDB Connected: ac-7dbbqyn-shard-00-00.9atntnk.mongodb.net
📊 Database: fsktm-zkp
[32m[nodemon] restarting due to changes...[39m
[32m[nodemon] restarting due to changes...[39m
[32m[nodemon] starting `node src/server.js`[39m
🔌 Attempting to connect to MongoDB...
🔍 MONGO_URI: Loaded ✅
🚀 Server running on port 5000 in development mode
📚 API Documentation: http://localhost:5000/api
🏥 Health Check: http://localhost:5000/api/health
✅ MongoDB Connected: ac-7dbbqyn-shard-00-00.9atntnk.mongodb.net
📊 Database: fsktm-zkp
[32m[nodemon] restarting due to changes...[39m
[32m[nodemon] starting `node src/server.js`[39m
🔌 Attempting to connect to MongoDB...
🔍 MONGO_URI: Loaded ✅
🚀 Server running on port 5000 in development mode
📚 API Documentation: http://localhost:5000/api
🏥 Health Check: http://localhost:5000/api/health
✅ MongoDB Connected: ac-7dbbqyn-shard-00-00.9atntnk.mongodb.net
📊 Database: fsktm-zkp
Registration email queued: {
  receiver: 'panel_smoke_1781085415498@example.test',
  provider: 'smtp',
  host: 'smtp.gmail.com',
  port: 465,
  secure: true
}
📝 Marking attendance: {
  timetableId: '6a2502d65b924c340079f5a3',
  studentId: '6a2502d25b924c340079f431',
  verificationMethod: 'manual',
  status: 'present'
}
✅ Attendance marked successfully
🔍 Fetching attendance for timetable: 6a2502d65b924c340079f5a3
🔍 Fetching attendance for student: Muhammad Ali
📊 Calculating attendance statistics
✅ Found 3 attendance records
✅ Found 1 attendance records
✅ Statistics calculated: {
  total: 4,
  present: 4,
  late: 0,
  absent: 0,
  excused: 0,
  attendanceRate: 100
}
📝 Updating attendance: 6a2934e8248c469365a5f04b
✅ Attendance updated
🗑️  Deleting attendance: 6a2934e8248c469365a5f04b
✅ Attendance deleted
✉️ Email sent to panel_smoke_1781085415498@example.test: <180b2bf1-b42f-011a-7558-77ac5d2510c3@gmail.com>
Registration email sent: {
  success: true,
  receiver: 'panel_smoke_1781085415498@example.test',
  messageId: '<180b2bf1-b42f-011a-7558-77ac5d2510c3@gmail.com>',
  provider: 'smtp'
}
[32m[nodemon] restarting due to changes...[39m
[32m[nodemon] starting `node src/server.js`[39m
🔌 Attempting to connect to MongoDB...
🔍 MONGO_URI: Loaded ✅
🚀 Server running on port 5000 in development mode
📚 API Documentation: http://localhost:5000/api
🏥 Health Check: http://localhost:5000/api/health
✅ MongoDB Connected: ac-7dbbqyn-shard-00-00.9atntnk.mongodb.net
📊 Database: fsktm-zkp
Registration email queued: {
  receiver: 'panel_smoke_1781085471834@example.test',
  provider: 'smtp',
  host: 'smtp.gmail.com',
  port: 465,
  secure: true
}
Reset email queued: {
  receiver: 'panel_smoke_1781085471834@example.test',
  provider: 'smtp',
  host: 'smtp.gmail.com',
  port: 465,
  secure: true
}
📝 Marking attendance: {
  timetableId: '6a2502d65b924c340079f5a3',
  studentId: '6a2502d25b924c340079f431',
  verificationMethod: 'manual',
  status: 'present'
}
✅ Attendance marked successfully
🔍 Fetching attendance for timetable: 6a2502d65b924c340079f5a3
📊 Calculating attendance statistics
🔍 Fetching attendance for student: Muhammad Ali
✅ Found 1 attendance records
✅ Found 3 attendance records
✅ Statistics calculated: {
  total: 4,
  present: 4,
  late: 0,
  absent: 0,
  excused: 0,
  attendanceRate: 100
}
📝 Updating attendance: 6a2935216b64ac29bc90a88c
✅ Attendance updated
🗑️  Deleting attendance: 6a2935216b64ac29bc90a88c
✅ Attendance deleted
✉️ Email sent to panel_smoke_1781085471834@example.test: <b679e4ae-8e03-ff0c-bfa1-90672223e22a@gmail.com>
Registration email sent: {
  success: true,
  receiver: 'panel_smoke_1781085471834@example.test',
  messageId: '<b679e4ae-8e03-ff0c-bfa1-90672223e22a@gmail.com>',
  provider: 'smtp'
}
✉️ Email sent to panel_smoke_1781085471834@example.test: <8907d7b4-7d86-dd49-047e-73c59cfb435c@gmail.com>
Reset email sent: {
  success: true,
  receiver: 'panel_smoke_1781085471834@example.test',
  messageId: '<8907d7b4-7d86-dd49-047e-73c59cfb435c@gmail.com>',
  provider: 'smtp'
}
[32m[nodemon] restarting due to changes...[39m
[32m[nodemon] starting `node src/server.js`[39m
🔌 Attempting to connect to MongoDB...
🔍 MONGO_URI: Loaded ✅
🚀 Server running on port 5000 in development mode
📚 API Documentation: http://localhost:5000/api
🏥 Health Check: http://localhost:5000/api/health
✅ MongoDB Connected: ac-7dbbqyn-shard-00-00.9atntnk.mongodb.net
📊 Database: fsktm-zkp
Registration email queued: {
  receiver: 'panel_smoke_1781085509960@example.test',
  provider: 'smtp',
  host: 'smtp.gmail.com',
  port: 465,
  secure: true
}
Reset email queued: {
  receiver: 'panel_smoke_1781085509960@example.test',
  provider: 'smtp',
  host: 'smtp.gmail.com',
  port: 465,
  secure: true
}
📝 Marking attendance: {
  timetableId: '6a2502d65b924c340079f5a3',
  studentId: '6a2502d25b924c340079f431',
  verificationMethod: 'manual',
  status: 'present'
}
✅ Attendance marked successfully
🔍 Fetching attendance for timetable: 6a2502d65b924c340079f5a3
🔍 Fetching attendance for student: Muhammad Ali
📊 Calculating attendance statistics
✅ Found 3 attendance records
✅ Found 1 attendance records
✅ Statistics calculated: {
  total: 4,
  present: 4,
  late: 0,
  absent: 0,
  excused: 0,
  attendanceRate: 100
}
📝 Updating attendance: 6a293547772f08ade0997f9e
✅ Attendance updated
🗑️  Deleting attendance: 6a293547772f08ade0997f9e
✅ Attendance deleted
✉️ Email sent to panel_smoke_1781085509960@example.test: <3f7106e2-7390-d22f-a1dd-7ed4bec12ab8@gmail.com>
Registration email sent: {
  success: true,
  receiver: 'panel_smoke_1781085509960@example.test',
  messageId: '<3f7106e2-7390-d22f-a1dd-7ed4bec12ab8@gmail.com>',
  provider: 'smtp'
}
✉️ Email sent to panel_smoke_1781085509960@example.test: <764af883-6432-d2e8-df39-b24a9f135a8d@gmail.com>
Reset email sent: {
  success: true,
  receiver: 'panel_smoke_1781085509960@example.test',
  messageId: '<764af883-6432-d2e8-df39-b24a9f135a8d@gmail.com>',
  provider: 'smtp'
}
[32m[nodemon] restarting due to changes...[39m
[32m[nodemon] starting `node src/server.js`[39m
🔌 Attempting to connect to MongoDB...
🔍 MONGO_URI: Loaded ✅
🚀 Server running on port 5000 in development mode
📚 API Documentation: http://localhost:5000/api
🏥 Health Check: http://localhost:5000/api/health
✅ MongoDB Connected: ac-7dbbqyn-shard-00-00.9atntnk.mongodb.net
📊 Database: fsktm-zkp
[32m[nodemon] restarting due to changes...[39m
[32m[nodemon] starting `node src/server.js`[39m
🔌 Attempting to connect to MongoDB...
🔍 MONGO_URI: Loaded ✅
🚀 Server running on port 5000 in development mode
📚 API Documentation: http://localhost:5000/api
🏥 Health Check: http://localhost:5000/api/health
✅ MongoDB Connected: ac-7dbbqyn-shard-00-00.9atntnk.mongodb.net
📊 Database: fsktm-zkp
[32m[nodemon] restarting due to changes...[39m
[32m[nodemon] starting `node src/server.js`[39m
🔌 Attempting to connect to MongoDB...
🔍 MONGO_URI: Loaded ✅
🚀 Server running on port 5000 in development mode
📚 API Documentation: http://localhost:5000/api
🏥 Health Check: http://localhost:5000/api/health
✅ MongoDB Connected: ac-7dbbqyn-shard-00-00.9atntnk.mongodb.net
📊 Database: fsktm-zkp
Registration email queued: {
  receiver: 'panel_smoke_1781085959201@example.test',
  provider: 'smtp',
  host: 'smtp.gmail.com',
  port: 465,
  secure: true
}
Reset email queued: {
  receiver: 'panel_smoke_1781085959201@example.test',
  provider: 'smtp',
  host: 'smtp.gmail.com',
  port: 465,
  secure: true
}
📝 Creating rubric: Smoke Rubric 1781085959877
✅ Rubric created: new ObjectId('6a293707d0dd6956c2719227')
📝 Updating rubric: 6a293707d0dd6956c2719227
✅ Rubric updated
🗑️ Deleting rubric: 6a293707d0dd6956c2719227
✅ Rubric deleted
📊 Student stats requested by: 6a2502d25b924c340079f428
📊 Analytics stats requested by: 6a2502d15b924c340079f41a
📊 Analytics stats requested by: 6a2502d15b924c340079f41a
📊 Student stats requested by: 6a2502d25b924c340079f428
📝 Marking attendance: {
  timetableId: '6a2502d65b924c340079f5a3',
  studentId: '6a2502d25b924c340079f431',
  verificationMethod: 'manual',
  status: 'present'
}
✅ Attendance marked successfully
🔍 Fetching attendance for timetable: 6a2502d65b924c340079f5a3
🔍 Fetching attendance for student: Muhammad Ali
📊 Calculating attendance statistics
✅ Found 3 attendance records
✅ Found 1 attendance records
✅ Statistics calculated: {
  total: 4,
  present: 4,
  late: 0,
  absent: 0,
  excused: 0,
  attendanceRate: 100
}
📝 Updating attendance: 6a293709d0dd6956c271927c
✉️ Email sent to panel_smoke_1781085959201@example.test: <436c5477-7758-8e8d-47cb-cea058d950e0@gmail.com>
Registration email sent: {
  success: true,
  receiver: 'panel_smoke_1781085959201@example.test',
  messageId: '<436c5477-7758-8e8d-47cb-cea058d950e0@gmail.com>',
  provider: 'smtp'
}
✅ Attendance updated
🗑️  Deleting attendance: 6a293709d0dd6956c271927c
✅ Attendance deleted
🎫 Generating QR code for timetable: 6a2502d65b924c340079f588
📊 QR Data: {"type":"FSKTM_ATTENDANCE","timetableId":"6a2502d65b924c340079f588","token":"608977","expiresAt":"2026-06-10T12:06:02.118Z"}
✅ QR code generated successfully
🔍 Getting QR code for timetable: 6a2502d65b924c340079f588
✉️ Email sent to panel_smoke_1781085959201@example.test: <03200a63-a764-2d9a-3121-18a67c2fcacd@gmail.com>
Reset email sent: {
  success: true,
  receiver: 'panel_smoke_1781085959201@example.test',
  messageId: '<03200a63-a764-2d9a-3121-18a67c2fcacd@gmail.com>',
  provider: 'smtp'
}
🗑️  Deleting attendance: 6a29370ad0dd6956c27192b7
✅ Attendance deleted
[32m[nodemon] restarting due to changes...[39m
[32m[nodemon] starting `node src/server.js`[39m
🔌 Attempting to connect to MongoDB...
🔍 MONGO_URI: Loaded ✅
🚀 Server running on port 5000 in development mode
📚 API Documentation: http://localhost:5000/api
🏥 Health Check: http://localhost:5000/api/health
✅ MongoDB Connected: ac-7dbbqyn-shard-00-00.9atntnk.mongodb.net
📊 Database: fsktm-zkp
[32m[nodemon] restarting due to changes...[39m
[32m[nodemon] starting `node src/server.js`[39m
🔌 Attempting to connect to MongoDB...
🔍 MONGO_URI: Loaded ✅
🚀 Server running on port 5000 in development mode
📚 API Documentation: http://localhost:5000/api
🏥 Health Check: http://localhost:5000/api/health
✅ MongoDB Connected: ac-7dbbqyn-shard-00-00.9atntnk.mongodb.net
📊 Database: fsktm-zkp
[32m[nodemon] restarting due to changes...[39m
[32m[nodemon] starting `node src/server.js`[39m
🔌 Attempting to connect to MongoDB...
🔍 MONGO_URI: Loaded ✅
🚀 Server running on port 5000 in development mode
📚 API Documentation: http://localhost:5000/api
🏥 Health Check: http://localhost:5000/api/health
✅ MongoDB Connected: ac-7dbbqyn-shard-00-00.9atntnk.mongodb.net
📊 Database: fsktm-zkp
[32m[nodemon] restarting due to changes...[39m
[32m[nodemon] starting `node src/server.js`[39m
🔌 Attempting to connect to MongoDB...
🔍 MONGO_URI: Loaded ✅
🚀 Server running on port 5000 in development mode
📚 API Documentation: http://localhost:5000/api
🏥 Health Check: http://localhost:5000/api/health
✅ MongoDB Connected: ac-7dbbqyn-shard-00-00.9atntnk.mongodb.net
📊 Database: fsktm-zkp
[32m[nodemon] restarting due to changes...[39m
[32m[nodemon] starting `node src/server.js`[39m
🔌 Attempting to connect to MongoDB...
🔍 MONGO_URI: Loaded ✅
🚀 Server running on port 5000 in development mode
📚 API Documentation: http://localhost:5000/api
🏥 Health Check: http://localhost:5000/api/health
✅ MongoDB Connected: ac-7dbbqyn-shard-00-00.9atntnk.mongodb.net
📊 Database: fsktm-zkp
[32m[nodemon] restarting due to changes...[39m
[32m[nodemon] restarting due to changes...[39m
[32m[nodemon] starting `node src/server.js`[39m
🔌 Attempting to connect to MongoDB...
🔍 MONGO_URI: Loaded ✅
🚀 Server running on port 5000 in development mode
📚 API Documentation: http://localhost:5000/api
🏥 Health Check: http://localhost:5000/api/health
✅ MongoDB Connected: ac-7dbbqyn-shard-00-00.9atntnk.mongodb.net
📊 Database: fsktm-zkp
[32m[nodemon] restarting due to changes...[39m
[32m[nodemon] starting `node src/server.js`[39m
🔌 Attempting to connect to MongoDB...
🔍 MONGO_URI: Loaded ✅
🚀 Server running on port 5000 in development mode
📚 API Documentation: http://localhost:5000/api
🏥 Health Check: http://localhost:5000/api/health
✅ MongoDB Connected: ac-7dbbqyn-shard-00-00.9atntnk.mongodb.net
📊 Database: fsktm-zkp
[32m[nodemon] restarting due to changes...[39m
[32m[nodemon] starting `node src/server.js`[39m
🔌 Attempting to connect to MongoDB...
🔍 MONGO_URI: Loaded ✅
🚀 Server running on port 5000 in development mode
📚 API Documentation: http://localhost:5000/api
🏥 Health Check: http://localhost:5000/api/health
✅ MongoDB Connected: ac-7dbbqyn-shard-00-00.9atntnk.mongodb.net
📊 Database: fsktm-zkp
[32m[nodemon] restarting due to changes...[39m
[32m[nodemon] starting `node src/server.js`[39m
🔌 Attempting to connect to MongoDB...
🔍 MONGO_URI: Loaded ✅
🚀 Server running on port 5000 in development mode
📚 API Documentation: http://localhost:5000/api
🏥 Health Check: http://localhost:5000/api/health
✅ MongoDB Connected: ac-7dbbqyn-shard-00-00.9atntnk.mongodb.net
📊 Database: fsktm-zkp
[32m[nodemon] restarting due to changes...[39m
[32m[nodemon] starting `node src/server.js`[39m
Attempting to connect to MongoDB... MONGO_URI loaded
Server running on port 5000 in development mode
API documentation: http://localhost:5000/api
Health check: http://localhost:5000/api/health
MongoDB connected: ac-7dbbqyn-shard-00-00.9atntnk.mongodb.net
Database: fsktm-zkp
Registration email queued: {
  receiver: 'panel_smoke_1781110700889@example.test',
  provider: 'smtp',
  host: 'smtp.gmail.com',
  port: 465,
  secure: true
}
Reset email queued: {
  receiver: 'panel_smoke_1781110700889@example.test',
  provider: 'smtp',
  host: 'smtp.gmail.com',
  port: 465,
  secure: true
}
📝 Creating rubric: Smoke Rubric 1781110701579
✅ Rubric created: new ObjectId('6a2997ad573d69c19918504c')
📝 Updating rubric: 6a2997ad573d69c19918504c
✅ Rubric updated
🗑️ Deleting rubric: 6a2997ad573d69c19918504c
✅ Rubric deleted
📊 Analytics stats requested by: 6a2502d15b924c340079f41a
📊 Student stats requested by: 6a2502d25b924c340079f428
📊 Student stats requested by: 6a2502d25b924c340079f428
📊 Analytics stats requested by: 6a2502d15b924c340079f41a
📝 Marking attendance: {
  timetableId: '6a2502d65b924c340079f5a3',
  studentId: '6a2502d25b924c340079f431',
  verificationMethod: 'manual',
  status: 'present'
}
✅ Attendance marked successfully
🔍 Fetching attendance for timetable: 6a2502d65b924c340079f5a3
🔍 Fetching attendance for student: Muhammad Ali
📊 Calculating attendance statistics
✅ Found 3 attendance records
✅ Found 1 attendance records
✅ Statistics calculated: {
  total: 4,
  present: 4,
  late: 0,
  absent: 0,
  excused: 0,
  attendanceRate: 100
}
📝 Updating attendance: 6a2997af573d69c1991850a1
✅ Attendance updated
🗑️  Deleting attendance: 6a2997af573d69c1991850a1
✅ Attendance deleted
🎫 Generating QR code for timetable: 6a2502d65b924c340079f588
📊 QR Data: {"type":"FSKTM_ATTENDANCE","timetableId":"6a2502d65b924c340079f588","token":"754968","expiresAt":"2026-06-10T18:58:23.834Z"}
✅ QR code generated successfully
🔍 Getting QR code for timetable: 6a2502d65b924c340079f588
✉️ Email sent to panel_smoke_1781110700889@example.test: <400f4a4f-7616-e7f2-5720-c01a834ed924@gmail.com>
Registration email sent: {
  success: true,
  receiver: 'panel_smoke_1781110700889@example.test',
  messageId: '<400f4a4f-7616-e7f2-5720-c01a834ed924@gmail.com>',
  provider: 'smtp'
}
✉️ Email sent to panel_smoke_1781110700889@example.test: <04d47d99-7c20-6b50-99d1-cbc2e34d0c11@gmail.com>
Reset email sent: {
  success: true,
  receiver: 'panel_smoke_1781110700889@example.test',
  messageId: '<04d47d99-7c20-6b50-99d1-cbc2e34d0c11@gmail.com>',
  provider: 'smtp'
}
🗑️  Deleting attendance: 6a2997b0573d69c1991850dc
✅ Attendance deleted
[32m[nodemon] restarting due to changes...[39m
[32m[nodemon] starting `node src/server.js`[39m
Attempting to connect to MongoDB... MONGO_URI loaded
Server running on port 5000 in development mode
API documentation: http://localhost:5000/api
Health check: http://localhost:5000/api/health
MongoDB connected: ac-7dbbqyn-shard-00-00.9atntnk.mongodb.net
Database: fsktm-zkp
[32m[nodemon] restarting due to changes...[39m
[32m[nodemon] starting `node src/server.js`[39m
Attempting to connect to MongoDB... MONGO_URI loaded
Server running on port 5000 in development mode
API documentation: http://localhost:5000/api
Health check: http://localhost:5000/api/health
MongoDB connected: ac-7dbbqyn-shard-00-00.9atntnk.mongodb.net
Database: fsktm-zkp
[32m[nodemon] restarting due to changes...[39m
[32m[nodemon] starting `node src/server.js`[39m
Attempting to connect to MongoDB... MONGO_URI loaded
Server running on port 5000 in development mode
API documentation: http://localhost:5000/api
Health check: http://localhost:5000/api/health
MongoDB connected: ac-7dbbqyn-shard-00-00.9atntnk.mongodb.net
Database: fsktm-zkp
[32m[nodemon] restarting due to changes...[39m
[32m[nodemon] starting `node src/server.js`[39m
Attempting to connect to MongoDB... MONGO_URI loaded
Server running on port 5000 in development mode
API documentation: http://localhost:5000/api
Health check: http://localhost:5000/api/health
MongoDB connected: ac-7dbbqyn-shard-00-00.9atntnk.mongodb.net
Database: fsktm-zkp
Registration email queued: {
  receiver: 'panel_smoke_1781111170051@example.test',
  provider: 'smtp',
  host: 'smtp.gmail.com',
  port: 465,
  secure: true
}
Reset email queued: {
  receiver: 'panel_smoke_1781111170051@example.test',
  provider: 'smtp',
  host: 'smtp.gmail.com',
  port: 465,
  secure: true
}
📝 Creating rubric: Smoke Rubric 1781111170735
✅ Rubric created: new ObjectId('6a299982938aedebaf46b2b1')
📝 Updating rubric: 6a299982938aedebaf46b2b1
✅ Rubric updated
🗑️ Deleting rubric: 6a299982938aedebaf46b2b1
✅ Rubric deleted
✉️ Email sent to panel_smoke_1781111170051@example.test: <0780ee60-08f0-8d93-2ac5-38af874c169f@gmail.com>
Reset email sent: {
  success: true,
  receiver: 'panel_smoke_1781111170051@example.test',
  messageId: '<0780ee60-08f0-8d93-2ac5-38af874c169f@gmail.com>',
  provider: 'smtp'
}
✉️ Email sent to panel_smoke_1781111170051@example.test: <87b30481-74a6-d082-3582-1178a59ffc9c@gmail.com>
Registration email sent: {
  success: true,
  receiver: 'panel_smoke_1781111170051@example.test',
  messageId: '<87b30481-74a6-d082-3582-1178a59ffc9c@gmail.com>',
  provider: 'smtp'
}
[32m[nodemon] restarting due to changes...[39m
[32m[nodemon] starting `node src/server.js`[39m
Attempting to connect to MongoDB... MONGO_URI loaded
Server running on port 5000 in development mode
API documentation: http://localhost:5000/api
Health check: http://localhost:5000/api/health
MongoDB connected: ac-7dbbqyn-shard-00-00.9atntnk.mongodb.net
Database: fsktm-zkp
Registration email queued: {
  receiver: 'panel_smoke_1781111805846@example.test',
  provider: 'smtp',
  host: 'smtp.gmail.com',
  port: 465,
  secure: true
}
Reset email queued: {
  receiver: 'panel_smoke_1781111805846@example.test',
  provider: 'smtp',
  host: 'smtp.gmail.com',
  port: 465,
  secure: true
}
✉️ Email sent to panel_smoke_1781111805846@example.test: <fcd78ba0-a7e5-18e8-6073-248e3886991a@gmail.com>
Registration email sent: {
  success: true,
  receiver: 'panel_smoke_1781111805846@example.test',
  messageId: '<fcd78ba0-a7e5-18e8-6073-248e3886991a@gmail.com>',
  provider: 'smtp'
}
✉️ Email sent to panel_smoke_1781111805846@example.test: <ddf7e233-15da-f4bc-5ec3-a7308a4f6bbc@gmail.com>
Reset email sent: {
  success: true,
  receiver: 'panel_smoke_1781111805846@example.test',
  messageId: '<ddf7e233-15da-f4bc-5ec3-a7308a4f6bbc@gmail.com>',
  provider: 'smtp'
}
[32m[nodemon] restarting due to changes...[39m
[32m[nodemon] restarting due to changes...[39m
[32m[nodemon] restarting due to changes...[39m
[32m[nodemon] starting `node src/server.js`[39m
[32m[nodemon] restarting due to changes...[39m
[32m[nodemon] restarting due to changes...[39m
[32m[nodemon] restarting due to changes...[39m
[32m[nodemon] starting `node src/server.js`[39m
[32m[nodemon] restarting due to changes...[39m
[32m[nodemon] starting `node src/server.js`[39m
Attempting to connect to MongoDB... MONGO_URI loaded
Server running on port 5000 in development mode
API documentation: http://localhost:5000/api
Health check: http://localhost:5000/api/health
MongoDB connected: ac-7dbbqyn-shard-00-00.9atntnk.mongodb.net
Database: fsktm-zkp
Registration email queued: {
  receiver: 'panel_smoke_1781112057335@example.test',
  provider: 'smtp',
  host: 'smtp.gmail.com',
  port: 465,
  secure: true
}
Reset email queued: {
  receiver: 'panel_smoke_1781112057335@example.test',
  provider: 'smtp',
  host: 'smtp.gmail.com',
  port: 465,
  secure: true
}
✉️ Email sent to panel_smoke_1781112057335@example.test: <bcc92912-46b5-c4d9-835f-eae80f5351b0@gmail.com>
Reset email sent: {
  success: true,
  receiver: 'panel_smoke_1781112057335@example.test',
  messageId: '<bcc92912-46b5-c4d9-835f-eae80f5351b0@gmail.com>',
  provider: 'smtp'
}
✉️ Email sent to panel_smoke_1781112057335@example.test: <41d539ce-0c93-fc16-bf10-e43ebde76e9f@gmail.com>
Registration email sent: {
  success: true,
  receiver: 'panel_smoke_1781112057335@example.test',
  messageId: '<41d539ce-0c93-fc16-bf10-e43ebde76e9f@gmail.com>',
  provider: 'smtp'
}
[32m[nodemon] restarting due to changes...[39m
[32m[nodemon] restarting due to changes...[39m
[32m[nodemon] restarting due to changes...[39m
[32m[nodemon] starting `node src/server.js`[39m
[32m[nodemon] restarting due to changes...[39m
[32m[nodemon] starting `node src/server.js`[39m
Attempting to connect to MongoDB... MONGO_URI loaded
Server running on port 5000 in development mode
API documentation: http://localhost:5000/api
Health check: http://localhost:5000/api/health
MongoDB connected: ac-7dbbqyn-shard-00-00.9atntnk.mongodb.net
Database: fsktm-zkp
[32m[nodemon] restarting due to changes...[39m
[32m[nodemon] starting `node src/server.js`[39m
[32m[nodemon] restarting due to changes...[39m
[32m[nodemon] starting `node src/server.js`[39m
Attempting to connect to MongoDB... MONGO_URI loaded
Server running on port 5000 in development mode
API documentation: http://localhost:5000/api
Health check: http://localhost:5000/api/health
MongoDB connected: ac-7dbbqyn-shard-00-00.9atntnk.mongodb.net
Database: fsktm-zkp
Registration email queued: {
  receiver: 'panel_smoke_1781113746728@example.test',
  provider: 'smtp',
  host: 'smtp.gmail.com',
  port: 465,
  secure: true
}
Reset email queued: {
  receiver: 'panel_smoke_1781113746728@example.test',
  provider: 'smtp',
  host: 'smtp.gmail.com',
  port: 465,
  secure: true
}
Email sent to panel_smoke_1781113746728@example.test: <9fd5ed1a-f6b2-581e-71dd-3f6d7ca58aff@gmail.com>
Registration email sent: {
  success: true,
  receiver: 'panel_smoke_1781113746728@example.test',
  messageId: '<9fd5ed1a-f6b2-581e-71dd-3f6d7ca58aff@gmail.com>',
  provider: 'smtp'
}
Email sent to panel_smoke_1781113746728@example.test: <0664fd93-2933-6b89-55fe-64d13422c7ef@gmail.com>
Reset email sent: {
  success: true,
  receiver: 'panel_smoke_1781113746728@example.test',
  messageId: '<0664fd93-2933-6b89-55fe-64d13422c7ef@gmail.com>',
  provider: 'smtp'
}
[32m[nodemon] restarting due to changes...[39m
[32m[nodemon] starting `node src/server.js`[39m
Attempting to connect to MongoDB... MONGO_URI loaded
Server running on port 5000 in development mode
API documentation: http://localhost:5000/api
Health check: http://localhost:5000/api/health
MongoDB connected: ac-7dbbqyn-shard-00-00.9atntnk.mongodb.net
Database: fsktm-zkp
[32m[nodemon] restarting due to changes...[39m
[32m[nodemon] starting `node src/server.js`[39m
Attempting to connect to MongoDB... MONGO_URI loaded
Server running on port 5000 in development mode
API documentation: http://localhost:5000/api
Health check: http://localhost:5000/api/health
MongoDB connected: ac-7dbbqyn-shard-00-00.9atntnk.mongodb.net
Database: fsktm-zkp
[31m[nodemon] app crashed - waiting for file changes before starting...[39m
